<?xml version="1.0" encoding="UTF-8" ?>
<testsuite tests="33" failures="0" name="RunCukesTest" time="0.025" errors="0" skipped="0">
  <properties>
[...]
</properties>
  <testcase classname="Scenario: Actualizaci�n calidad &quot;Aged Brie&quot;" name="Given &quot;Aged Brie&quot; con una calidad de 30" time="0.007"/>
  <testcase classname="Scenario: Actualizaci�n calidad &quot;Aged Brie&quot;" name="And una fecha de venta de 10 dias" time="0"/>
  <testcase classname="Scenario: Actualizaci�n calidad &quot;Aged Brie&quot;" name="When transcurre un dia" time="0"/>
  <testcase classname="Scenario: Actualizaci�n calidad &quot;Aged Brie&quot;" name="Then La calidad es de 31" time="0"/>
  <testcase classname="Scenario: Actualizaci�n calidad &quot;Aged Brie&quot;" name="And la fecha de ventas es de 9 dias" time="0.001"/>
  <testcase classname="Scenario: Actualizaci�n calidad &quot;Aged Brie&quot;" name="Scenario: Actualizaci�n calidad &quot;Aged Brie&quot;" time="0.002"/>
  <testcase classname="Scenario: Calidad limite &quot;Aged Brie&quot;" name="Given &quot;Aged Brie&quot; con una calidad de 50" time="0.001"/>
  <testcase classname="Scenario: Calidad limite &quot;Aged Brie&quot;" name="And una fecha de venta de 10 dias" time="0.001"/>
  <testcase classname="Scenario: Calidad limite &quot;Aged Brie&quot;" name="When transcurre un dia" time="0.001"/>
  <testcase classname="Scenario: Calidad limite &quot;Aged Brie&quot;" name="Then La calidad sigue siendo 50" time="0.001"/>
  <testcase classname="Scenario: Calidad limite &quot;Aged Brie&quot;" name="But la fecha de ventas es de 9 dias" time="0"/>
  <testcase classname="Scenario: Calidad limite &quot;Aged Brie&quot;" name="Scenario: Calidad limite &quot;Aged Brie&quot;" time="0.003"/>
  <testcase classname="| &quot;Aged Brie&quot; | 30 | 10 | 31 | 9 |" name="Given &quot;Aged Brie&quot; con una calidad de 30" time="0"/>
  <testcase classname="| &quot;Aged Brie&quot; | 30 | 10 | 31 | 9 |" name="And una fecha de venta de 10 dias" time="0"/>
  <testcase classname="| &quot;Aged Brie&quot; | 30 | 10 | 31 | 9 |" name="When transcurre un dia" time="0"/>
  <testcase classname="| &quot;Aged Brie&quot; | 30 | 10 | 31 | 9 |" name="Then La calidad es de 31" time="0"/>
  <testcase classname="| &quot;Aged Brie&quot; | 30 | 10 | 31 | 9 |" name="And la fecha de ventas es de 9 dias" time="0.001"/>
  <testcase classname="| &quot;Aged Brie&quot; | 30 | 10 | 31 | 9 |" name="| &quot;Aged Brie&quot; | 30 | 10 | 31 | 9 |" time="0.001"/>
  <testcase classname="| &quot;Aged Brie&quot; | 50 | 10 | 50 | 9 |" name="Given &quot;Aged Brie&quot; con una calidad de 50" time="0.001"/>
  <testcase classname="| &quot;Aged Brie&quot; | 50 | 10 | 50 | 9 |" name="And una fecha de venta de 10 dias" time="0"/>
  <testcase classname="| &quot;Aged Brie&quot; | 50 | 10 | 50 | 9 |" name="When transcurre un dia" time="0"/>
  <testcase classname="| &quot;Aged Brie&quot; | 50 | 10 | 50 | 9 |" name="Then La calidad es de 50" time="0.001"/>
  <testcase classname="| &quot;Aged Brie&quot; | 50 | 10 | 50 | 9 |" name="And la fecha de ventas es de 9 dias" time="0"/>
  <testcase classname="| &quot;Aged Brie&quot; | 50 | 10 | 50 | 9 |" name="| &quot;Aged Brie&quot; | 50 | 10 | 50 | 9 |" time="0.001"/>
  <testcase classname="Scenario: La calidad no puede bajar de cero" name="Given cualquier item con calidad 0" time="0"/>
  <testcase classname="Scenario: La calidad no puede bajar de cero" name="When transcurre un dia" time="0"/>
  <testcase classname="Scenario: La calidad no puede bajar de cero" name="Then La calidad sigue siendo 0" time="0"/>
  <testcase classname="Scenario: La calidad no puede bajar de cero" name="Scenario: La calidad no puede bajar de cero" time="0.001"/>
  <testcase classname="Scenario: actualizaci�n producto normal" name="Given &quot;Producto normal&quot; con una calidad de 20" time="0"/>
  <testcase classname="Scenario: actualizaci�n producto normal" name="And una fecha de venta de 10 dias" time="0.001"/>
  <testcase classname="Scenario: actualizaci�n producto normal" name="When transcurre un dia" time="0"/>
  <testcase classname="Scenario: actualizaci�n producto normal" name="Then La calidad es de 19" time="0"/>
  <testcase classname="Scenario: actualizaci�n producto normal" name="Scenario: actualizaci�n producto normal" time="0.001"/>
</testsuite>